#
# There is insufficient memory for the Java Runtime Environment to continue.
# Native memory allocation (malloc) failed to allocate 1283424 bytes for Chunk::new
# Possible reasons:
#   The system is out of physical RAM or swap space
#   The process is running with CompressedOops enabled, and the Java Heap may be blocking the growth of the native heap
# Possible solutions:
#   Reduce memory load on the system
#   Increase physical memory or swap space
#   Check if swap backing store is full
#   Decrease Java heap size (-Xmx/-Xms)
#   Decrease number of Java threads
#   Decrease Java thread stack sizes (-Xss)
#   Set larger code cache with -XX:ReservedCodeCacheSize=
#   JVM is running with Unscaled Compressed Oops mode in which the Java heap is
#     placed in the first 4GB address space. The Java Heap base address is the
#     maximum limit for the native heap growth. Please use -XX:HeapBaseMinAddress
#     to set the Java Heap base and to place the Java Heap above 4GB virtual address.
# This output file may be truncated or incomplete.
#
#  Out of Memory Error (allocation.cpp:389), pid=1524, tid=0x000000000000076c
#
# JRE version: OpenJDK Runtime Environment (8.0_212-b04) (build 1.8.0_212-release-1586-b04)
# Java VM: OpenJDK 64-Bit Server VM (25.212-b04 mixed mode windows-amd64 compressed oops)
# Failed to write core dump. Minidumps are not enabled by default on client versions of Windows
#

---------------  T H R E A D  ---------------

Current thread (0x000000001632e800):  JavaThread "C2 CompilerThread0" daemon [_thread_in_native, id=1900, stack(0x0000000017990000,0x0000000017a90000)]

Stack: [0x0000000017990000,0x0000000017a90000]
[error occurred during error reporting (printing stack bounds), id 0xc0000005]

Native frames: (J=compiled Java code, j=interpreted, Vv=VM code, C=native code)


Current CompileTask:
C2: 167327 9079   !   4       java.io.ObjectOutputStream::writeObject0 (619 bytes)


---------------  P R O C E S S  ---------------

Java Threads: ( => current thread )
  0x000000001a0f8000 JavaThread "WorkerExecutor Queue Thread 4" [_thread_blocked, id=5552, stack(0x0000000023110000,0x0000000023210000)]
  0x000000001a0f3800 JavaThread "WorkerExecutor Queue Thread 3" [_thread_blocked, id=9460, stack(0x0000000023010000,0x0000000023110000)]
  0x000000001a0f3000 JavaThread "WorkerExecutor Queue Thread 2" [_thread_blocked, id=11632, stack(0x0000000022f10000,0x0000000023010000)]
  0x000000001a0f0800 JavaThread "WorkerExecutor Queue" [_thread_in_native, id=4968, stack(0x0000000022e10000,0x0000000022f10000)]
  0x000000001a0f2000 JavaThread "Cache worker for execution history cache (C:\Users\AlFurqan\AndroidStudioProjects\Scientific_Calculator\.gradle\5.6.4\executionHistory)" [_thread_blocked, id=11432, stack(0x0000000022b10000,0x0000000022c10000)]
  0x0000000017f55800 JavaThread "Execution worker for ':' Thread 3" [_thread_in_native, id=1372, stack(0x0000000022a10000,0x0000000022b10000)]
  0x0000000017f57000 JavaThread "Execution worker for ':' Thread 2" [_thread_blocked, id=3156, stack(0x0000000022710000,0x0000000022810000)]
  0x0000000017f5c000 JavaThread "Execution worker for ':'" [_thread_blocked, id=7452, stack(0x0000000022610000,0x0000000022710000)]
  0x000000001db7c800 JavaThread "Cache worker for file content cache (C:\Users\AlFurqan\AndroidStudioProjects\Scientific_Calculator\.gradle\5.6.4\fileContent)" [_thread_blocked, id=7236, stack(0x0000000022510000,0x0000000022610000)]
  0x000000001db7a800 JavaThread "Cache worker for Build Output Cleanup Cache (C:\Users\AlFurqan\AndroidStudioProjects\Scientific_Calculator\.gradle\buildOutputCleanup)" [_thread_blocked, id=3040, stack(0x0000000022010000,0x0000000022110000)]
  0x000000001db7a000 JavaThread "Build operations Thread 4" [_thread_blocked, id=3096, stack(0x0000000021110000,0x0000000021210000)]
  0x000000001db72800 JavaThread "Build operations Thread 3" [_thread_blocked, id=1384, stack(0x000000001f7e0000,0x000000001f8e0000)]
  0x000000001db79000 JavaThread "Build operations Thread 2" [_thread_blocked, id=4124, stack(0x000000001f6e0000,0x000000001f7e0000)]
  0x000000001db71800 JavaThread "Build operations" [_thread_blocked, id=12968, stack(0x000000001f5e0000,0x000000001f6e0000)]
  0x000000001db77000 JavaThread "Cache worker for cache directory md-rule (C:\Users\AlFurqan\.gradle\caches\5.6.4\md-rule)" [_thread_blocked, id=2272, stack(0x000000001f4e0000,0x000000001f5e0000)]
  0x000000001db77800 JavaThread "Cache worker for cache directory md-supplier (C:\Users\AlFurqan\.gradle\caches\5.6.4\md-supplier)" [_thread_blocked, id=9948, stack(0x000000001f2e0000,0x000000001f3e0000)]
  0x000000001db76000 JavaThread "Cache worker for file hash cache (C:\Users\AlFurqan\AndroidStudioProjects\Scientific_Calculator\.gradle\5.6.4\fileHashes)" [_thread_blocked, id=7884, stack(0x000000001d580000,0x000000001d680000)]
  0x000000001db75800 JavaThread "Thread-34" [_thread_blocked, id=10348, stack(0x000000001d480000,0x000000001d580000)]
  0x000000001db74800 JavaThread "Stdin handler" [_thread_blocked, id=10820, stack(0x000000001bbb0000,0x000000001bcb0000)]
  0x000000001db78800 JavaThread "Asynchronous log dispatcher for DefaultDaemonConnection: socket connection from /127.0.0.1:1029 to /127.0.0.1:1059" [_thread_blocked, id=12300, stack(0x000000001b8b0000,0x000000001b9b0000)]
  0x000000001db6e800 JavaThread "Daemon worker Thread 2" [_thread_blocked, id=9240, stack(0x000000001b7b0000,0x000000001b8b0000)]
  0x000000001db6e000 JavaThread "Cancel handler" [_thread_blocked, id=5200, stack(0x000000001b4b0000,0x000000001b5b0000)]
  0x000000001db73000 JavaThread "Handler for socket connection from /127.0.0.1:1029 to /127.0.0.1:1059" [_thread_in_native, id=3440, stack(0x000000001b3b0000,0x000000001b4b0000)]
  0x000000001db70000 JavaThread "Daemon Thread 2" [_thread_blocked, id=11844, stack(0x0000000000de0000,0x0000000000ee0000)]
  0x000000001db6d000 JavaThread "Cache worker for file content cache (C:\Users\AlFurqan\.gradle\caches\5.6.4\fileContent)" [_thread_blocked, id=5772, stack(0x0000000021f10000,0x0000000022010000)]
  0x000000001db71000 JavaThread "Memory manager" [_thread_blocked, id=4772, stack(0x0000000021e10000,0x0000000021f10000)]
  0x000000001db6f800 JavaThread "Cache worker for execution history cache (C:\Users\AlFurqan\.gradle\caches\5.6.4\executionHistory)" [_thread_blocked, id=3516, stack(0x000000001f3e0000,0x000000001f4e0000)]
  0x0000000017f5b800 JavaThread "Cache worker for journal cache (C:\Users\AlFurqan\.gradle\caches\journal-1)" [_thread_blocked, id=4532, stack(0x000000001c0b0000,0x000000001c1b0000)]
  0x0000000017f58800 JavaThread "File lock request listener" [_thread_in_native, id=6952, stack(0x000000001bfb0000,0x000000001c0b0000)]
  0x00000000193ce000 JavaThread "Cache worker for file hash cache (C:\Users\AlFurqan\.gradle\caches\5.6.4\fileHashes)" [_thread_blocked, id=9176, stack(0x000000001bcb0000,0x000000001bdb0000)]
  0x0000000019d17000 JavaThread "Daemon periodic checks" [_thread_blocked, id=10156, stack(0x000000001b2b0000,0x000000001b3b0000)]
  0x0000000019c40800 JavaThread "Incoming local TCP Connector on port 1029" [_thread_in_native, id=11712, stack(0x000000001b070000,0x000000001b170000)]
  0x0000000018317000 JavaThread "Daemon health stats" [_thread_blocked, id=10152, stack(0x000000001aa30000,0x000000001ab30000)]
  0x0000000017cb8800 JavaThread "Service Thread" daemon [_thread_blocked, id=13244, stack(0x0000000018090000,0x0000000018190000)]
  0x000000001633c000 JavaThread "C1 CompilerThread2" daemon [_thread_blocked, id=8572, stack(0x0000000017b90000,0x0000000017c90000)]
  0x0000000016332000 JavaThread "C2 CompilerThread1" daemon [_thread_in_vm, id=6796, stack(0x0000000017a90000,0x0000000017b90000)]
=>0x000000001632e800 JavaThread "C2 CompilerThread0" daemon [_thread_in_native, id=1900, stack(0x0000000017990000,0x0000000017a90000)]
  0x000000001632c800 JavaThread "Attach Listener" daemon [_thread_blocked, id=8156, stack(0x0000000017890000,0x0000000017990000)]
  0x000000001632b800 JavaThread "Signal Dispatcher" daemon [_thread_blocked, id=11608, stack(0x0000000017790000,0x0000000017890000)]
  0x00000000029bd000 JavaThread "Finalizer" daemon [_thread_blocked, id=10228, stack(0x0000000017590000,0x0000000017690000)]
  0x00000000029b4000 JavaThread "Reference Handler" daemon [_thread_blocked, id=11508, stack(0x0000000017490000,0x0000000017590000)]
  0x00000000028c2800 JavaThread "main" [_thread_blocked, id=5136, stack(0x00000000027c0000,0x00000000028c0000)]

Other Threads:
  0x00000000162f5800 VMThread [stack: 0x0000000017390000,0x0000000017490000] [id=9340]
  0x000000001638e000 WatcherThread [stack: 0x0000000018190000,0x0000000018290000] [id=384]

VM state:not at safepoint (normal execution)

VM Mutex/Monitor currently owned by a thread: None

heap address: 0x00000000a0000000, size: 1536 MB, Compressed Oops mode: 32-bit
Narrow klass base: 0x0000000000000000, Narrow klass shift: 3
Compressed class space size: 1073741824 Address: 0x0000000100000000

Heap:
 PSYoungGen      total 129536K, used 45114K [0x00000000e0000000, 0x00000000ea080000, 0x0000000100000000)
  eden space 111616K, 24% used [0x00000000e0000000,0x00000000e1a90f20,0x00000000e6d00000)
  from space 17920K, 99% used [0x00000000e6d00000,0x00000000e7e7da48,0x00000000e7e80000)
  to   space 20480K, 0% used [0x00000000e8c80000,0x00000000e8c80000,0x00000000ea080000)
 ParOldGen       total 145920K, used 31475K [0x00000000a0000000, 0x00000000a8e80000, 0x00000000e0000000)
  object space 145920K, 21% used [0x00000000a0000000,0x00000000a1ebcda8,0x00000000a8e80000)
 Metaspace       used 65080K, capacity 67370K, committed 67544K, reserved 1107968K
  class space    used 8580K, capacity 9102K, committed 9176K, reserved 1048576K

Card table byte_map: [0x0000000011d80000,0x0000000012090000] byte_map_base: 0x0000000011880000

Marking Bits: (ParMarkBitMap*) 0x000000006f8a9f30
 Begin Bits: [0x0000000012690000, 0x0000000013e90000)
 End Bits:   [0x0000000013e90000, 0x0000000015690000)

Polling page: 0x0000000000f70000

CodeCache: size=245760Kb used=26107Kb max_used=26130Kb free=219652Kb
 bounds [0x00000000029c0000, 0x0000000004370000, 0x00000000119c0000]
 total_blobs=8858 nmethods=8056 adapters=714
 compilation: enabled

Compilation events (10 events):
Event: 167.266 Thread 0x000000001633c000 9262       1       com.google.common.cache.LocalCache$StrongEntry::getValueReference (5 bytes)
Event: 167.266 Thread 0x000000001633c000 nmethod 9262 0x000000000434f790 code [0x000000000434f8e0, 0x000000000434f9f0]
Event: 167.273 Thread 0x000000001633c000 9263       1       com.google.common.cache.LocalCache$2::offer (2 bytes)
Event: 167.273 Thread 0x000000001633c000 nmethod 9263 0x0000000004351710 code [0x0000000004351860, 0x0000000004351970]
Event: 167.277 Thread 0x000000001633c000 9264       1       com.google.common.cache.LocalCache$2::poll (2 bytes)
Event: 167.277 Thread 0x000000001633c000 nmethod 9264 0x0000000004351450 code [0x00000000043515a0, 0x00000000043516b0]
Event: 167.282 Thread 0x000000001633c000 9265       1       com.google.common.cache.LocalCache$StrongEntry::getHash (5 bytes)
Event: 167.282 Thread 0x000000001633c000 nmethod 9265 0x0000000004351190 code [0x00000000043512e0, 0x00000000043513f0]
Event: 167.283 Thread 0x000000001633c000 9266       1       com.sun.org.apache.xerces.internal.dom.CoreDocumentImpl::getNodeType (3 bytes)
Event: 167.283 Thread 0x000000001633c000 nmethod 9266 0x0000000004350ed0 code [0x0000000004351020, 0x0000000004351130]

GC Heap History (10 events):
Event: 44.081 GC heap before
{Heap before GC invocations=16 (full 2):
 PSYoungGen      total 88576K, used 88556K [0x00000000e0000000, 0x00000000e7780000, 0x0000000100000000)
  eden space 77312K, 100% used [0x00000000e0000000,0x00000000e4b80000,0x00000000e4b80000)
  from space 11264K, 99% used [0x00000000e4b80000,0x00000000e567b248,0x00000000e5680000)
  to   space 12800K, 0% used [0x00000000e6b00000,0x00000000e6b00000,0x00000000e7780000)
 ParOldGen       total 98304K, used 16344K [0x00000000a0000000, 0x00000000a6000000, 0x00000000e0000000)
  object space 98304K, 16% used [0x00000000a0000000,0x00000000a0ff6240,0x00000000a6000000)
 Metaspace       used 54711K, capacity 56380K, committed 56704K, reserved 1097728K
  class space    used 7523K, capacity 7941K, committed 8064K, reserved 1048576K
Event: 44.177 GC heap after
Heap after GC invocations=16 (full 2):
 PSYoungGen      total 106496K, used 12771K [0x00000000e0000000, 0x00000000e7e80000, 0x0000000100000000)
  eden space 93696K, 0% used [0x00000000e0000000,0x00000000e0000000,0x00000000e5b80000)
  from space 12800K, 99% used [0x00000000e6b00000,0x00000000e7778cc0,0x00000000e7780000)
  to   space 15872K, 0% used [0x00000000e5b80000,0x00000000e5b80000,0x00000000e6b00000)
 ParOldGen       total 98304K, used 20934K [0x00000000a0000000, 0x00000000a6000000, 0x00000000e0000000)
  object space 98304K, 21% used [0x00000000a0000000,0x00000000a1471898,0x00000000a6000000)
 Metaspace       used 54711K, capacity 56380K, committed 56704K, reserved 1097728K
  class space    used 7523K, capacity 7941K, committed 8064K, reserved 1048576K
}
Event: 52.604 GC heap before
{Heap before GC invocations=17 (full 2):
 PSYoungGen      total 106496K, used 56422K [0x00000000e0000000, 0x00000000e7e80000, 0x0000000100000000)
  eden space 93696K, 46% used [0x00000000e0000000,0x00000000e2aa0bc8,0x00000000e5b80000)
  from space 12800K, 99% used [0x00000000e6b00000,0x00000000e7778cc0,0x00000000e7780000)
  to   space 15872K, 0% used [0x00000000e5b80000,0x00000000e5b80000,0x00000000e6b00000)
 ParOldGen       total 98304K, used 20934K [0x00000000a0000000, 0x00000000a6000000, 0x00000000e0000000)
  object space 98304K, 21% used [0x00000000a0000000,0x00000000a1471898,0x00000000a6000000)
 Metaspace       used 57149K, capacity 59006K, committed 59096K, reserved 1099776K
  class space    used 7903K, capacity 8360K, committed 8408K, reserved 1048576K
Event: 52.653 GC heap after
Heap after GC invocations=17 (full 2):
 PSYoungGen      total 109568K, used 15853K [0x00000000e0000000, 0x00000000e9680000, 0x0000000100000000)
  eden space 93696K, 0% used [0x00000000e0000000,0x00000000e0000000,0x00000000e5b80000)
  from space 15872K, 99% used [0x00000000e5b80000,0x00000000e6afb7a0,0x00000000e6b00000)
  to   space 18432K, 0% used [0x00000000e8480000,0x00000000e8480000,0x00000000e9680000)
 ParOldGen       total 98304K, used 22212K [0x00000000a0000000, 0x00000000a6000000, 0x00000000e0000000)
  object space 98304K, 22% used [0x00000000a0000000,0x00000000a15b1130,0x00000000a6000000)
 Metaspace       used 57149K, capacity 59006K, committed 59096K, reserved 1099776K
  class space    used 7903K, capacity 8360K, committed 8408K, reserved 1048576K
}
Event: 52.653 GC heap before
{Heap before GC invocations=18 (full 3):
 PSYoungGen      total 109568K, used 15853K [0x00000000e0000000, 0x00000000e9680000, 0x0000000100000000)
  eden space 93696K, 0% used [0x00000000e0000000,0x00000000e0000000,0x00000000e5b80000)
  from space 15872K, 99% used [0x00000000e5b80000,0x00000000e6afb7a0,0x00000000e6b00000)
  to   space 18432K, 0% used [0x00000000e8480000,0x00000000e8480000,0x00000000e9680000)
 ParOldGen       total 98304K, used 22212K [0x00000000a0000000, 0x00000000a6000000, 0x00000000e0000000)
  object space 98304K, 22% used [0x00000000a0000000,0x00000000a15b1130,0x00000000a6000000)
 Metaspace       used 57149K, capacity 59006K, committed 59096K, reserved 1099776K
  class space    used 7903K, capacity 8360K, committed 8408K, reserved 1048576K
Event: 53.333 GC heap after
Heap after GC invocations=18 (full 3):
 PSYoungGen      total 109568K, used 0K [0x00000000e0000000, 0x00000000e9680000, 0x0000000100000000)
  eden space 93696K, 0% used [0x00000000e0000000,0x00000000e0000000,0x00000000e5b80000)
  from space 15872K, 0% used [0x00000000e5b80000,0x00000000e5b80000,0x00000000e6b00000)
  to   space 18432K, 0% used [0x00000000e8480000,0x00000000e8480000,0x00000000e9680000)
 ParOldGen       total 145920K, used 31080K [0x00000000a0000000, 0x00000000a8e80000, 0x00000000e0000000)
  object space 145920K, 21% used [0x00000000a0000000,0x00000000a1e5a3c0,0x00000000a8e80000)
 Metaspace       used 57119K, capacity 58918K, committed 59096K, reserved 1099776K
  class space    used 7894K, capacity 8344K, committed 8408K, reserved 1048576K
}
Event: 62.691 GC heap before
{Heap before GC invocations=19 (full 3):
 PSYoungGen      total 109568K, used 93696K [0x00000000e0000000, 0x00000000e9680000, 0x0000000100000000)
  eden space 93696K, 100% used [0x00000000e0000000,0x00000000e5b80000,0x00000000e5b80000)
  from space 15872K, 0% used [0x00000000e5b80000,0x00000000e5b80000,0x00000000e6b00000)
  to   space 18432K, 0% used [0x00000000e8480000,0x00000000e8480000,0x00000000e9680000)
 ParOldGen       total 145920K, used 31080K [0x00000000a0000000, 0x00000000a8e80000, 0x00000000e0000000)
  object space 145920K, 21% used [0x00000000a0000000,0x00000000a1e5a3c0,0x00000000a8e80000)
 Metaspace       used 60324K, capacity 62476K, committed 62680K, reserved 1103872K
  class space    used 8281K, capacity 8797K, committed 8920K, reserved 1048576K
Event: 62.721 GC heap after
Heap after GC invocations=19 (full 3):
 PSYoungGen      total 123392K, used 6459K [0x00000000e0000000, 0x00000000e9000000, 0x0000000100000000)
  eden space 111616K, 0% used [0x00000000e0000000,0x00000000e0000000,0x00000000e6d00000)
  from space 11776K, 54% used [0x00000000e8480000,0x00000000e8acefd8,0x00000000e9000000)
  to   space 17920K, 0% used [0x00000000e6d00000,0x00000000e6d00000,0x00000000e7e80000)
 ParOldGen       total 145920K, used 31088K [0x00000000a0000000, 0x00000000a8e80000, 0x00000000e0000000)
  object space 145920K, 21% used [0x00000000a0000000,0x00000000a1e5c3c0,0x00000000a8e80000)
 Metaspace       used 60324K, capacity 62476K, committed 62680K, reserved 1103872K
  class space    used 8281K, capacity 8797K, committed 8920K, reserved 1048576K
}
Event: 164.089 GC heap before
{Heap before GC invocations=20 (full 3):
 PSYoungGen      total 123392K, used 118075K [0x00000000e0000000, 0x00000000e9000000, 0x0000000100000000)
  eden space 111616K, 100% used [0x00000000e0000000,0x00000000e6d00000,0x00000000e6d00000)
  from space 11776K, 54% used [0x00000000e8480000,0x00000000e8acefd8,0x00000000e9000000)
  to   space 17920K, 0% used [0x00000000e6d00000,0x00000000e6d00000,0x00000000e7e80000)
 ParOldGen       total 145920K, used 31088K [0x00000000a0000000, 0x00000000a8e80000, 0x00000000e0000000)
  object space 145920K, 21% used [0x00000000a0000000,0x00000000a1e5c3c0,0x00000000a8e80000)
 Metaspace       used 64027K, capacity 66274K, committed 66392K, reserved 1105920K
  class space    used 8473K, capacity 8978K, committed 9048K, reserved 1048576K
Event: 164.165 GC heap after
Heap after GC invocations=20 (full 3):
 PSYoungGen      total 129536K, used 17910K [0x00000000e0000000, 0x00000000ea080000, 0x0000000100000000)
  eden space 111616K, 0% used [0x00000000e0000000,0x00000000e0000000,0x00000000e6d00000)
  from space 17920K, 99% used [0x00000000e6d00000,0x00000000e7e7da48,0x00000000e7e80000)
  to   space 20480K, 0% used [0x00000000e8c80000,0x00000000e8c80000,0x00000000ea080000)
 ParOldGen       total 145920K, used 31475K [0x00000000a0000000, 0x00000000a8e80000, 0x00000000e0000000)
  object space 145920K, 21% used [0x00000000a0000000,0x00000000a1ebcda8,0x00000000a8e80000)
 Metaspace       used 64027K, capacity 66274K, committed 66392K, reserved 1105920K
  class space    used 8473K, capacity 8978K, committed 9048K, reserved 1048576K
}

Deoptimization events (10 events):
Event: 166.869 Thread 0x0000000017f55800 Uncommon trap: reason=bimorphic action=maybe_recompile pc=0x0000000004209560 method=com.sun.org.apache.xerces.internal.dom.CoreDocumentImpl.isKidOK(Lorg/w3c/dom/Node;Lorg/w3c/dom/Node;)Z @ 39
Event: 166.870 Thread 0x0000000017f55800 Uncommon trap: reason=bimorphic action=maybe_recompile pc=0x0000000004209560 method=com.sun.org.apache.xerces.internal.dom.CoreDocumentImpl.isKidOK(Lorg/w3c/dom/Node;Lorg/w3c/dom/Node;)Z @ 39
Event: 166.870 Thread 0x0000000017f55800 Uncommon trap: reason=bimorphic action=maybe_recompile pc=0x0000000003b14138 method=com.sun.org.apache.xerces.internal.dom.CoreDocumentImpl.isKidOK(Lorg/w3c/dom/Node;Lorg/w3c/dom/Node;)Z @ 39
Event: 166.895 Thread 0x0000000017f55800 Uncommon trap: reason=class_check action=maybe_recompile pc=0x00000000041db6e8 method=com.sun.org.apache.xerces.internal.dom.ElementImpl.getAttributes()Lorg/w3c/dom/NamedNodeMap; @ 8
Event: 166.900 Thread 0x0000000017f55800 Uncommon trap: reason=unstable_if action=reinterpret pc=0x00000000041fe6a8 method=com.sun.org.apache.xerces.internal.dom.ParentNode.nodeListItem(I)Lorg/w3c/dom/Node; @ 76
Event: 166.901 Thread 0x0000000017f55800 Uncommon trap: reason=unstable_if action=reinterpret pc=0x00000000041ea50c method=com.sun.org.apache.xerces.internal.dom.ParentNode.nodeListItem(I)Lorg/w3c/dom/Node; @ 139
Event: 167.033 Thread 0x000000001a0f8000 Uncommon trap: reason=unstable_if action=reinterpret pc=0x00000000032bedc4 method=com.sun.org.apache.xerces.internal.impl.XMLEntityScanner.scanLiteral(ILcom/sun/org/apache/xerces/internal/xni/XMLString;Z)I @ 44
Event: 167.071 Thread 0x0000000017f55800 Uncommon trap: reason=class_check action=maybe_recompile pc=0x00000000041db6e8 method=com.sun.org.apache.xerces.internal.dom.ElementImpl.getAttributes()Lorg/w3c/dom/NamedNodeMap; @ 8
Event: 167.083 Thread 0x0000000017f55800 Uncommon trap: reason=class_check action=maybe_recompile pc=0x00000000041db6e8 method=com.sun.org.apache.xerces.internal.dom.ElementImpl.getAttributes()Lorg/w3c/dom/NamedNodeMap; @ 8
Event: 167.154 Thread 0x0000000017f55800 Uncommon trap: reason=class_check action=maybe_recompile pc=0x00000000041db6e8 method=com.sun.org.apache.xerces.internal.dom.ElementImpl.getAttributes()Lorg/w3c/dom/NamedNodeMap; @ 8

Classes redefined (0 events):
No events

Internal exceptions (10 events):
Event: 166.489 Thread 0x0000000017f55800 Exception <a 'java/lang/NoSuchMethodError': <clinit>> (0x00000000e0e8d2c0) thrown at [D:\src\AOSP-openjdk-cygwin\jdk8u\hotspot\src\share\vm\prims\jni.cpp, line 1614]
Event: 166.499 Thread 0x0000000017f55800 Exception <a 'java/lang/NoSuchMethodError': <clinit>> (0x00000000e0ee78c8) thrown at [D:\src\AOSP-openjdk-cygwin\jdk8u\hotspot\src\share\vm\prims\jni.cpp, line 1614]
Event: 166.503 Thread 0x0000000017f55800 Exception <a 'java/lang/NoSuchMethodError': <clinit>> (0x00000000e0f41378) thrown at [D:\src\AOSP-openjdk-cygwin\jdk8u\hotspot\src\share\vm\prims\jni.cpp, line 1614]
Event: 166.508 Thread 0x0000000017f55800 Exception <a 'java/lang/NoSuchMethodError': <clinit>> (0x00000000e0f663b0) thrown at [D:\src\AOSP-openjdk-cygwin\jdk8u\hotspot\src\share\vm\prims\jni.cpp, line 1614]
Event: 166.508 Thread 0x0000000017f55800 Exception <a 'java/lang/NoSuchMethodError': <clinit>> (0x00000000e0f6afc8) thrown at [D:\src\AOSP-openjdk-cygwin\jdk8u\hotspot\src\share\vm\prims\jni.cpp, line 1614]
Event: 166.508 Thread 0x0000000017f55800 Exception <a 'java/lang/NoSuchMethodError': <clinit>> (0x00000000e0f6e460) thrown at [D:\src\AOSP-openjdk-cygwin\jdk8u\hotspot\src\share\vm\prims\jni.cpp, line 1614]
Event: 166.510 Thread 0x0000000017f55800 Exception <a 'java/lang/NoSuchMethodError': <clinit>> (0x00000000e0f85a90) thrown at [D:\src\AOSP-openjdk-cygwin\jdk8u\hotspot\src\share\vm\prims\jni.cpp, line 1614]
Event: 166.512 Thread 0x0000000017f55800 Exception <a 'java/lang/NoSuchMethodError': <clinit>> (0x00000000e0f9b400) thrown at [D:\src\AOSP-openjdk-cygwin\jdk8u\hotspot\src\share\vm\prims\jni.cpp, line 1614]
Event: 166.516 Thread 0x0000000017f55800 Exception <a 'java/lang/NoSuchMethodError': <clinit>> (0x00000000e0fb8b88) thrown at [D:\src\AOSP-openjdk-cygwin\jdk8u\hotspot\src\share\vm\prims\jni.cpp, line 1614]
Event: 166.518 Thread 0x0000000017f55800 Exception <a 'java/lang/NoSuchMethodError': <clinit>> (0x00000000e0fcc048) thrown at [D:\src\AOSP-openjdk-cygwin\jdk8u\hotspot\src\share\vm\prims\jni.cpp, line 1614]

Events (10 events):
Event: 167.246 loading class java/awt/Image$1
Event: 167.259 loading class sun/awt/image/SurfaceManager$ImageAccessor
Event: 167.259 loading class sun/awt/image/SurfaceManager$ImageAccessor done
Event: 167.259 loading class java/awt/Image$1 done
Event: 167.259 loading class sun/awt/image/SurfaceManager
Event: 167.260 loading class sun/awt/image/SurfaceManager done
Event: 167.260 loading class java/awt/image/ColorModel$1
Event: 167.261 loading class java/awt/image/ColorModel$1 done
Event: 167.285 Thread 0x0000000017f55800 DEOPT PACKING pc=0x00000000043309cf sp=0x0000000022b0ab60
Event: 167.285 Thread 0x0000000017f55800 DEOPT UNPACKING pc=0x0000000002a075d0 sp=0x0000000022b0a968 mode 0


Dynamic libraries:
0x00007ff718490000 - 0x00007ff7184c1000 	C:\Program Files\Android\Android Studio\jre\bin\java.exe
0x00007ff94e1a0000 - 0x00007ff94e390000 	C:\WINDOWS\SYSTEM32\ntdll.dll
0x00007ff94d9c0000 - 0x00007ff94da72000 	C:\WINDOWS\System32\KERNEL32.DLL
0x00007ff94b300000 - 0x00007ff94b5a3000 	C:\WINDOWS\System32\KERNELBASE.dll
0x00007ff94c250000 - 0x00007ff94c2f3000 	C:\WINDOWS\System32\ADVAPI32.dll
0x00007ff94d850000 - 0x00007ff94d8ee000 	C:\WINDOWS\System32\msvcrt.dll
0x00007ff94e010000 - 0x00007ff94e0a7000 	C:\WINDOWS\System32\sechost.dll
0x00007ff94cad0000 - 0x00007ff94cbf0000 	C:\WINDOWS\System32\RPCRT4.dll
0x00007ff94c4c0000 - 0x00007ff94c654000 	C:\WINDOWS\System32\USER32.dll
0x00007ff94b660000 - 0x00007ff94b681000 	C:\WINDOWS\System32\win32u.dll
0x00007ff94c780000 - 0x00007ff94c7a6000 	C:\WINDOWS\System32\GDI32.dll
0x00007ff94bf90000 - 0x00007ff94c124000 	C:\WINDOWS\System32\gdi32full.dll
0x00007ff94c130000 - 0x00007ff94c1ce000 	C:\WINDOWS\System32\msvcp_win.dll
0x00007ff94b190000 - 0x00007ff94b28a000 	C:\WINDOWS\System32\ucrtbase.dll
0x00007ff92e130000 - 0x00007ff92e3b5000 	C:\WINDOWS\WinSxS\amd64_microsoft.windows.common-controls_6595b64144ccf1df_6.0.18362.719_none_e6c7b883130c6729\COMCTL32.dll
0x00007ff94cbf0000 - 0x00007ff94cf26000 	C:\WINDOWS\System32\combase.dll
0x00007ff94c1d0000 - 0x00007ff94c250000 	C:\WINDOWS\System32\bcryptPrimitives.dll
0x00007ff94e130000 - 0x00007ff94e15e000 	C:\WINDOWS\System32\IMM32.DLL
0x000000006f000000 - 0x000000006f0d2000 	C:\Program Files\Android\Android Studio\jre\jre\bin\msvcr100.dll
0x000000006f0e0000 - 0x000000006f926000 	C:\Program Files\Android\Android Studio\jre\jre\bin\server\jvm.dll
0x00007ff94def0000 - 0x00007ff94def8000 	C:\WINDOWS\System32\PSAPI.DLL
0x00007ff93e520000 - 0x00007ff93e529000 	C:\WINDOWS\SYSTEM32\WSOCK32.dll
0x00007ff940de0000 - 0x00007ff940e04000 	C:\WINDOWS\SYSTEM32\WINMM.dll
0x00007ff94cf30000 - 0x00007ff94cf9f000 	C:\WINDOWS\System32\WS2_32.dll
0x00007ff9468e0000 - 0x00007ff9468ea000 	C:\WINDOWS\SYSTEM32\VERSION.dll
0x00007ff940db0000 - 0x00007ff940ddd000 	C:\WINDOWS\SYSTEM32\WINMMBASE.dll
0x00007ff94b290000 - 0x00007ff94b2da000 	C:\WINDOWS\System32\cfgmgr32.dll
0x00007ff931820000 - 0x00007ff93182f000 	C:\Program Files\Android\Android Studio\jre\jre\bin\verify.dll
0x00007ff921620000 - 0x00007ff921649000 	C:\Program Files\Android\Android Studio\jre\jre\bin\java.dll
0x00007ff9243e0000 - 0x00007ff9243f6000 	C:\Program Files\Android\Android Studio\jre\jre\bin\zip.dll
0x00007ff94cfb0000 - 0x00007ff94d695000 	C:\WINDOWS\System32\SHELL32.dll
0x00007ff94c6d0000 - 0x00007ff94c779000 	C:\WINDOWS\System32\shcore.dll
0x00007ff94b7e0000 - 0x00007ff94bf60000 	C:\WINDOWS\System32\windows.storage.dll
0x00007ff94b070000 - 0x00007ff94b093000 	C:\WINDOWS\System32\profapi.dll
0x00007ff94b0e0000 - 0x00007ff94b12a000 	C:\WINDOWS\System32\powrprof.dll
0x00007ff94b060000 - 0x00007ff94b070000 	C:\WINDOWS\System32\UMPDC.dll
0x00007ff94c460000 - 0x00007ff94c4b2000 	C:\WINDOWS\System32\shlwapi.dll
0x00007ff94b0a0000 - 0x00007ff94b0b1000 	C:\WINDOWS\System32\kernel.appcore.dll
0x00007ff94b2e0000 - 0x00007ff94b2f7000 	C:\WINDOWS\System32\cryptsp.dll
0x00007ff922910000 - 0x00007ff92292a000 	C:\Program Files\Android\Android Studio\jre\jre\bin\net.dll
0x00007ff93fac0000 - 0x00007ff93fc95000 	C:\WINDOWS\SYSTEM32\urlmon.dll
0x00007ff93c620000 - 0x00007ff93c8c6000 	C:\WINDOWS\SYSTEM32\iertutil.dll
0x00007ff94aa40000 - 0x00007ff94aa4c000 	C:\WINDOWS\SYSTEM32\CRYPTBASE.DLL
0x00007ff94a870000 - 0x00007ff94a8d7000 	C:\WINDOWS\system32\mswsock.dll
0x00007ff921ae0000 - 0x00007ff921af3000 	C:\Program Files\Android\Android Studio\jre\jre\bin\nio.dll
0x00007ff933930000 - 0x00007ff933956000 	C:\Users\AlFurqan\.gradle\native\30\windows-amd64\native-platform.dll
0x00007ff930c20000 - 0x00007ff930c2d000 	C:\Program Files\Android\Android Studio\jre\jre\bin\management.dll
0x00007ff94a3e0000 - 0x00007ff94a413000 	C:\WINDOWS\system32\rsaenh.dll
0x00007ff94bf60000 - 0x00007ff94bf86000 	C:\WINDOWS\System32\bcrypt.dll
0x00007ff94af80000 - 0x00007ff94afa5000 	C:\WINDOWS\SYSTEM32\USERENV.dll
0x00007ff94a580000 - 0x00007ff94a5ba000 	C:\WINDOWS\SYSTEM32\IPHLPAPI.DLL
0x00007ff94c660000 - 0x00007ff94c668000 	C:\WINDOWS\System32\NSI.dll
0x00007ff944de0000 - 0x00007ff944df6000 	C:\WINDOWS\SYSTEM32\dhcpcsvc6.DLL
0x00007ff944d40000 - 0x00007ff944d5c000 	C:\WINDOWS\SYSTEM32\dhcpcsvc.DLL
0x00007ff94a5c0000 - 0x00007ff94a68a000 	C:\WINDOWS\SYSTEM32\DNSAPI.dll
0x00007ff8fc990000 - 0x00007ff8fcb2c000 	C:\Program Files\Android\Android Studio\jre\jre\bin\awt.dll
0x00007ff94c7b0000 - 0x00007ff94c874000 	C:\WINDOWS\System32\OLEAUT32.dll
0x00007ff9494c0000 - 0x00007ff9494ed000 	C:\WINDOWS\SYSTEM32\dwmapi.dll
0x00007ff9475e0000 - 0x00007ff947ba0000 	C:\WINDOWS\SYSTEM32\d2d1.dll
0x00007ff948bf0000 - 0x00007ff948c7f000 	C:\WINDOWS\SYSTEM32\apphelp.dll

VM Arguments:
jvm_args: -Xmx1536m -Dfile.encoding=windows-1252 -Duser.country=US -Duser.language=en -Duser.variant 
java_command: org.gradle.launcher.daemon.bootstrap.GradleDaemon 5.6.4
java_class_path (initial): C:\Users\AlFurqan\.gradle\wrapper\dists\gradle-5.6.4-all\ankdp27end7byghfw1q2sw75f\gradle-5.6.4\lib\gradle-launcher-5.6.4.jar
Launcher Type: SUN_STANDARD

Environment Variables:
PATH=C:\Program Files\Java\jdk-11.0.1\bin;C:\ProgramData\Oracle\Java\javapath;C:\DevSuiteHome_2\jdk\jre\bin;C:\DevSuiteHome_2\jlib;C:\DevSuiteHome_2\bin;C:\DevSuiteHome_2\jre\1.4.2\bin\client;C:\DevSuiteHome_2\jre\1.4.2\bin;C:\Program Files (x86)\Common Files\Intel\Shared Libraries\redist\intel64\compiler;C:\oracle\product\10.2.0\db_1\bin;C:\Program Files (x86)\Intel\Intel(R) Management Engine Components\iCLS\;C:\Program Files\Intel\Intel(R) Management Engine Components\iCLS\;C:\WINDOWS\system32;C:\WINDOWS;C:\WINDOWS\System32\Wbem;C:\WINDOWS\System32\WindowsPowerShell\v1.0\;C:\Program Files (x86)\Intel\Intel(R) Management Engine Components\DAL;C:\Program Files\Intel\Intel(R) Management Engine Components\DAL;C:\Program Files (x86)\Intel\Intel(R) Management Engine Components\IPT;C:\Program Files\Intel\Intel(R) Management Engine Components\IPT;C:\Program Files\Intel\WiFi\bin\;C:\Program Files\Common Files\Intel\WirelessCommon\;C:\WINDOWS\System32\OpenSSH\;C:\Program Files\Git\cmd;C:\Program Files\nodejs\;C:\WINDOWS\system32\config\systemprofile\.dnx\bin;C:\Program Files\Microsoft DNX\Dnvm\;C:\Program Files\Microsoft SQL Server\120\Tools\Binn\;C:\Users\AlFurqan\AppData\Local\Microsoft\WindowsApps;C:\Program Files\Java\jdk-11.0.1\bin;C:\Users\AlFurqan\AppData\Roaming\npm;;C:\Users\AlFurqan\AppData\Local\Programs\Microsoft VS Code\bin
USERNAME=AlFurqan
OS=Windows_NT
PROCESSOR_IDENTIFIER=Intel64 Family 6 Model 142 Stepping 9, GenuineIntel



---------------  S Y S T E M  ---------------

OS: Windows 10.0 , 64 bit Build 18362 (10.0.18362.329)

CPU:total 4 (initial active 4) (2 cores per cpu, 2 threads per core) family 6 model 142 stepping 9, cmov, cx8, fxsr, mmx, sse, sse2, sse3, ssse3, sse4.1, sse4.2, popcnt, avx, avx2, aes, clmul, erms, 3dnowpref, lzcnt, ht, tsc, tscinvbit, bmi1, bmi2, adx

Memory: 4k page, physical 8304968k(449820k free), swap 10259784k(5276k free)

vm_info: OpenJDK 64-Bit Server VM (25.212-b04) for windows-amd64 JRE (1.8.0_212-release-1586-b04), built by "builder" with MS VC++ 10.0 (VS2010)

time: Mon Mar 16 11:47:23 2020
timezone: Pakistan Standard Time
elapsed time: 167 seconds (0d 0h 2m 47s)

